TN:
SF:src\router.ts
FNF:0
FNH:0
DA:1,2
DA:2,2
DA:3,2
DA:6,2
DA:9,2
DA:11,2
DA:17,2
DA:23,2
DA:29,2
DA:35,2
DA:41,2
LF:11
LH:11
BRF:0
BRH:0
end_of_record
TN:
SF:src\server.ts
FN:7,connectDB
FN:27,(anonymous_2)
FNF:2
FNH:2
FNDA:3,connectDB
FNDA:1,(anonymous_2)
DA:1,2
DA:2,2
DA:3,2
DA:4,2
DA:7,2
DA:8,3
DA:9,3
DA:10,2
DA:11,2
DA:13,1
DA:17,2
DA:20,2
DA:23,2
DA:25,2
DA:27,2
DA:28,1
DA:31,2
LF:17
LH:17
BRF:0
BRH:0
end_of_record
TN:
SF:src\config\db.ts
FNF:0
FNH:0
DA:1,2
DA:2,2
DA:3,2
DA:16,2
DA:21,2
LF:5
LH:5
BRF:0
BRH:0
end_of_record
TN:
SF:src\handlers\product.ts
FN:4,(anonymous_1)
FN:24,(anonymous_2)
FN:43,(anonymous_3)
FN:53,(anonymous_4)
FN:75,(anonymous_5)
FN:94,(anonymous_6)
FNF:6
FNH:6
FNDA:2,(anonymous_1)
FNDA:2,(anonymous_2)
FNDA:1,(anonymous_3)
FNDA:2,(anonymous_4)
FNDA:2,(anonymous_5)
FNDA:2,(anonymous_6)
DA:2,2
DA:4,2
DA:5,2
DA:6,2
DA:17,2
DA:19,0
DA:20,0
DA:24,2
DA:25,2
DA:26,2
DA:27,2
DA:29,2
DA:30,1
DA:33,1
DA:36,1
DA:38,0
DA:39,0
DA:43,2
DA:44,1
DA:45,1
DA:46,1
DA:48,0
DA:49,0
DA:53,2
DA:54,2
DA:55,2
DA:57,2
DA:58,1
DA:61,1
DA:65,1
DA:70,1
DA:72,1
DA:75,2
DA:76,2
DA:77,2
DA:79,2
DA:80,1
DA:83,1
DA:87,1
DA:89,1
DA:91,1
DA:94,2
DA:95,2
DA:96,2
DA:98,2
DA:99,1
DA:102,1
DA:105,1
DA:107,1
LF:49
LH:43
BRDA:29,0,0,1
BRDA:57,1,0,1
BRDA:79,2,0,1
BRDA:98,3,0,1
BRF:4
BRH:4
end_of_record
TN:
SF:src\middleware\index.ts
FN:6,(anonymous_0)
FN:21,(anonymous_1)
FN:33,(anonymous_2)
FNF:3
FNH:3
FNDA:17,(anonymous_0)
FNDA:4,(anonymous_1)
FNDA:5,(anonymous_2)
DA:2,2
DA:3,2
DA:6,2
DA:7,17
DA:8,17
DA:9,8
DA:10,8
DA:12,9
DA:16,2
DA:21,4
DA:24,2
DA:28,2
DA:33,5
LF:13
LH:13
BRDA:8,0,0,8
BRF:1
BRH:1
end_of_record
TN:
SF:src\models\Product.model.ts
FNF:0
FNH:0
DA:1,3
DA:7,3
DA:11,3
DA:16,3
DA:22,3
DA:25,3
LF:6
LH:6
BRF:0
BRH:0
end_of_record
